<?xml version="1.0" encoding="UTF-8"?>
<!-- Generated by org.testng.reporters.JUnitReportReporter -->
<testsuite hostname="DESKTOP-F8IID4M" failures="0" tests="1" name="TC01_GET_Request" time="2.331" errors="0" timestamp="2023-08-31T02:03:32 BDT" skipped="0">
  <testcase classname="TC01_GET_Request" name="getweatherDetails" time="2.331"/>
</testsuite> <!-- TC01_GET_Request -->
